\BOOKMARK [0][-]{chapter*.2}{\376\377\215\041\163\056\200\005\124\015\137\125\377\010\116\064\145\366\162\110\377\011}{}% 1
\BOOKMARK [0][-]{chapter*.3}{\376\377\123\072\127\127\224\376\146\057\121\335\126\372\166\204\145\366\225\364\377\010\116\343\136\217\377\011\000\040}{}% 2
\BOOKMARK [-1][-]{part.1}{\376\377\173\054\116\000\220\350\122\006\000\040\122\035\176\247\173\307}{}% 3
\BOOKMARK [0][-]{chapter.1}{\376\377\145\260\142\113\173\054\116\000\153\145}{part.1}% 4
\BOOKMARK [1][-]{section.1.1}{\376\377\155\117\211\310\000\040\000s\000t\000e\000e\000m\000i\000t\000\040\177\121\172\331\000\040}{chapter.1}% 5
\BOOKMARK [1][-]{section.1.2}{\376\377\154\350\121\214\000\040\000s\000t\000e\000e\000m\000\040\215\046\123\367}{chapter.1}% 6
\BOOKMARK [1][-]{section.1.3}{\376\377\166\173\137\125\124\214\117\335\133\130\133\306\170\001\000\040}{chapter.1}% 7
\BOOKMARK [1][-]{section.1.4}{\376\377\166\173\226\106\124\214\117\335\133\130\133\306\170\001\000\040}{chapter.1}% 8
\BOOKMARK [1][-]{section.1.5}{\376\377\213\276\177\156\116\052\116\272\127\372\147\054\117\341\140\157\000\040}{chapter.1}% 9
\BOOKMARK [1][-]{section.1.6}{\376\377\173\054\116\000\136\026\000\040}{chapter.1}% 10
\BOOKMARK [1][-]{section.1.7}{\376\377\136\366\117\070\226\005\213\373\377\032\000s\000t\000e\000e\000m\166\204\233\105\122\233\000\040}{chapter.1}% 11
\BOOKMARK [1][-]{section.1.8}{\376\377\136\366\117\070\226\005\213\373\377\032\116\000\122\006\224\237\121\145\225\350\000\040\000s\000t\000e\000e\000m\000\040}{chapter.1}% 12
\BOOKMARK [1][-]{section.1.9}{\376\377\136\366\117\070\226\005\213\373\377\032\146\364\145\071\000\040\000s\000t\000e\000e\000m\000i\000t\000\040\166\204\177\121\230\165\165\114\227\142\221\115\202\162\000\040}{chapter.1}% 13
\BOOKMARK [0][-]{chapter.2}{\376\377\127\372\147\054\136\070\213\306}{part.1}% 14
\BOOKMARK [1][-]{section.2.1}{\376\377\116\300\116\110\146\057\000\040\000s\000t\000e\000e\000m}{chapter.2}% 15
\BOOKMARK [1][-]{section.2.2}{\376\377\000S\000t\000e\000e\000m\116\012\166\204\124\004\171\315\215\047\136\001}{chapter.2}% 16
\BOOKMARK [1][-]{section.2.3}{\376\377\121\163\116\216\116\343\164\006\000S\000P\377\010\000s\000t\000e\000e\000m\000\040\000p\000o\000w\000e\000r\377\011\166\204\220\243\116\233\116\213}{chapter.2}% 17
\BOOKMARK [1][-]{section.2.4}{\376\377\121\163\116\216\130\360\147\033\166\204\116\000\122\007}{chapter.2}% 18
\BOOKMARK [1][-]{section.2.5}{\376\377\121\163\116\216\145\207\172\340\145\066\166\312\166\204\116\000\122\007}{chapter.2}% 19
\BOOKMARK [1][-]{section.2.6}{\376\377\121\163\154\350\060\001\160\271\215\136\060\001\142\311\236\321\060\001\216\051\160\160\000[\117\134\200\005\377\032\000@\000v\000i\000c\000k\000y\000l\000i\000n\000\040\134\017\145\105\116\213\377\032\000@\000m\000a\000i\000y\000u\000d\000e\000\040\177\026\217\221\377\032\000@\000v\000i\000c\000k\000y\000l\000i\000n\000]}{chapter.2}% 20
\BOOKMARK [1][-]{section.2.7}{\376\377\174\173\166\356\124\214\150\007\173\176}{chapter.2}% 21
\BOOKMARK [1][-]{section.2.8}{\376\377\131\047\234\270\124\214\134\017\234\174}{chapter.2}% 22
\BOOKMARK [1][-]{section.2.9}{\376\377\147\072\126\150\116\272\124\214\134\017\123\367}{chapter.2}% 23
\BOOKMARK [1][-]{section.2.10}{\376\377\171\201\137\314\124\214\133\241\150\070}{chapter.2}% 24
\BOOKMARK [1][-]{section.2.11}{\376\377\136\366\117\070\226\005\213\373\377\032\000S\000T\000E\000E\000M\000A\000U\000T\000O\116\055\145\207\145\131\172\013\377\032\201\352\122\250\160\271\215\136\136\026\133\120\142\026\213\304\213\272\060\001\201\352\122\250\215\337\226\217\160\271\215\136\000\040}{chapter.2}% 25
\BOOKMARK [1][-]{section.2.12}{\376\377\136\366\117\070\226\005\213\373\377\032\213\304\213\272\116\055\166\204\0005\160\271\171\201\137\314\000\040}{chapter.2}% 26
\BOOKMARK [1][-]{section.2.13}{\376\377\136\366\117\070\226\005\213\373\377\032\131\202\117\125\120\273\164\334\137\017\117\177\165\050\000s\000h\000a\000d\000o\000w\000s\000o\000c\000k\000s\171\321\133\146\116\012\177\121\000\040}{chapter.2}% 27
\BOOKMARK [1][-]{section.2.14}{\376\377\136\366\117\070\226\005\213\373\377\032\121\163\116\216\136\046\133\275\000\040\000B\000a\000n\000d\000w\000i\000d\000t\000h\000\040}{chapter.2}% 28
\BOOKMARK [1][-]{section.2.15}{\376\377\136\366\117\070\226\005\213\373\377\032\131\202\117\125\000p\000o\000w\000e\000r\000\040\000u\000p\000\040}{chapter.2}% 29
\BOOKMARK [0][-]{chapter.3}{\376\377\136\070\165\050\144\315\117\134}{part.1}% 30
\BOOKMARK [1][-]{section.3.1}{\376\377\121\163\116\216\123\321\136\026\166\204\116\000\122\007}{chapter.3}% 31
\BOOKMARK [1][-]{section.3.2}{\376\377\121\163\116\216\116\222\122\250\166\204\116\000\122\007\000\040}{chapter.3}% 32
\BOOKMARK [1][-]{section.3.3}{\376\377\121\163\116\216\143\320\153\076\166\204\116\000\122\007\000\040}{chapter.3}% 33
\BOOKMARK [1][-]{section.3.4}{\376\377\121\163\116\216\133\306\170\001\166\204\116\000\122\007\000\040}{chapter.3}% 34
\BOOKMARK [1][-]{section.3.5}{\376\377\136\366\117\070\226\005\213\373\377\032\131\202\117\125\140\142\131\015\117\140\210\253\166\327\166\204\000S\000t\000e\000e\000m\136\020\123\367\377\037\000\040}{chapter.3}% 35
\BOOKMARK [0][-]{chapter.4}{\376\377\145\207\172\340\177\026\217\221}{part.1}% 36
\BOOKMARK [1][-]{section.4.1}{\376\377\117\177\165\050\000M\000a\000r\000k\000d\000o\000w\000n\147\145\213\251\117\140\166\204\145\207\172\340\146\364\146\023\116\216\226\005\213\373\060\001\146\364\177\216\211\302\000\040}{chapter.4}% 37
\BOOKMARK [1][-]{section.4.2}{\376\377\000T\000y\000p\000o\000r\000a\000\040\177\026\217\221\126\150\000\040}{chapter.4}% 38
\BOOKMARK [1][-]{section.4.3}{\376\377\143\322\121\145\131\032\132\222\117\123}{chapter.4}% 39
\BOOKMARK [1][-]{section.4.4}{\376\377\145\207\172\340\143\222\162\110\202\172\147\057}{chapter.4}% 40
\BOOKMARK [1][-]{section.4.5}{\376\377\116\055\145\207\153\265\231\226\122\240\172\172\150\074\124\214\130\236\122\240\153\265\204\075\225\364\215\335\000\040}{chapter.4}% 41
\BOOKMARK [0][-]{chapter.5}{\376\377\145\207\172\340\121\231\117\134}{part.1}% 42
\BOOKMARK [1][-]{section.5.1}{\376\377\000s\000t\000e\000e\000m\000\040\116\012\220\002\124\010\121\231\116\300\116\110}{chapter.5}% 43
\BOOKMARK [1][-]{section.5.2}{\376\377\131\202\117\125\122\033\117\134\117\030\215\050\121\205\133\271}{chapter.5}% 44
\BOOKMARK [1][-]{section.5.3}{\376\377\131\026\145\207\121\231\117\134\124\214\126\375\226\105\123\026}{chapter.5}% 45
\BOOKMARK [1][-]{section.5.4}{\376\377\120\145\136\267\137\303\140\001\173\307}{chapter.5}% 46
\BOOKMARK [-1][-]{part.2}{\376\377\173\054\116\214\220\350\122\006\000\040\116\055\176\247\173\307}{}% 47
\BOOKMARK [0][-]{chapter.6}{\376\377\207\215\121\145\171\076\123\072\000\040}{part.2}% 48
\BOOKMARK [1][-]{section.6.1}{\376\377\000s\000t\000e\000e\000m\000i\000t\146\057\116\000\116\052\165\050\140\035\140\363\147\145\171\076\116\244\166\204\136\163\123\360}{chapter.6}% 49
\BOOKMARK [1][-]{section.6.2}{\376\377\000s\000t\000e\000e\000m\000\040\116\012\166\204\171\076\116\244\000\040}{chapter.6}% 50
\BOOKMARK [1][-]{section.6.3}{\376\377\125\204\165\050\150\007\173\176}{chapter.6}% 51
\BOOKMARK [1][-]{section.6.4}{\376\377\000s\000t\000e\000e\000m\000\040\116\012\166\204\155\073\122\250\377\032\147\010\145\346\213\304\124\214\121\166\116\326\000\040}{chapter.6}% 52
\BOOKMARK [1][-]{section.6.5}{\376\377\000`\000`\147\010\145\346\213\304\000'\000'\142\225\172\077\171\201\137\314\000\040}{chapter.6}% 53
\BOOKMARK [1][-]{section.6.6}{\376\377\136\366\117\070\226\005\213\373\377\032\000s\000t\000e\000e\000m\000\040\215\337\121\166\116\326\171\076\116\244\177\121\172\331\147\011\117\125\116\015\124\014\000\040}{chapter.6}% 54
\BOOKMARK [1][-]{section.6.7}{\376\377\136\366\117\070\226\005\213\373\377\032\000`\000`\147\010\145\346\213\304\000'\000'\176\331\000\040\000s\000t\000e\000e\000m\000\040\166\204\124\057\123\321\124\214\145\131\213\255\000\040}{chapter.6}% 55
\BOOKMARK [0][-]{chapter.7}{\376\377\154\350\141\017\116\213\230\171}{part.2}% 56
\BOOKMARK [1][-]{section.7.1}{\376\377\171\074\116\352\211\304\122\031\000\040}{chapter.7}% 57
\BOOKMARK [1][-]{section.7.2}{\376\377\116\052\116\272\226\220\171\301}{chapter.7}% 58
\BOOKMARK [1][-]{section.7.3}{\376\377\126\